Arguments: 
  C:\Program Files\nodejs\node.exe C:\Program Files\nodejs\node_modules\yarn\bin\yarn.js add react react-dom styled-components @babel-polyfill

PATH: 
  C:\Windows\system32;C:\Windows;C:\Windows\System32\Wbem;C:\Windows\System32\WindowsPowerShell\v1.0\;C:\Windows\System32\OpenSSH\;C:\Program Files\dotnet\;C:\Users\nandw\AppData\Roaming\nvm;C:\Program Files\nodejs;C:\Program Files\Git\cmd;C:\xampp\php;C:\composer;C:\Program Files\Go\bin;C:\Program Files\Docker\Docker\resources\bin;C:\ProgramData\DockerDesktop\version-bin;C:\Users\nandw\AppData\Local\Microsoft\WindowsApps;C:\Users\nandw\AppData\Local\Programs\Microsoft VS Code\bin;C:\Users\nandw\AppData\Roaming\nvm;C:\Program Files\nodejs;C:\Users\nandw\AppData\Roaming\Composer\vendor\bin;C:\Users\nandw\go\bin

Yarn version: 
  1.22.10

Node version: 
  14.17.3

Platform: 
  win32 x64

Trace: 
  Error: https://registry.yarnpkg.com/@babel-polyfill: Request "https://registry.yarnpkg.com/@babel-polyfill" returned a 405
      at Request.params.callback [as _callback] (C:\Users\nandw\AppData\Roaming\nvm\v14.17.3\node_modules\yarn\lib\cli.js:66997:18)
      at Request.self.callback (C:\Users\nandw\AppData\Roaming\nvm\v14.17.3\node_modules\yarn\lib\cli.js:140662:22)
      at Request.emit (events.js:375:28)
      at Request.<anonymous> (C:\Users\nandw\AppData\Roaming\nvm\v14.17.3\node_modules\yarn\lib\cli.js:141634:10)
      at Request.emit (events.js:375:28)
      at IncomingMessage.<anonymous> (C:\Users\nandw\AppData\Roaming\nvm\v14.17.3\node_modules\yarn\lib\cli.js:141556:12)
      at Object.onceWrapper (events.js:481:28)
      at IncomingMessage.emit (events.js:387:35)
      at endReadableNT (internal/streams/readable.js:1317:12)
      at processTicksAndRejections (internal/process/task_queues.js:82:21)

npm manifest: 
  {
    "name": "free-game",
    "version": "1.0.0",
    "main": "index.js",
    "author": "ehnandwa",
    "license": "MIT"
  }

yarn manifest: 
  No manifest

Lockfile: 
  No lockfile
